https://www.alb-donau-kreis.de
http://www.altmarkkreis-salzwedel.de
http://www.bodenseekreis.de
https://www.burgenlandkreis.de
http://www.donnersberg.de
https://www.bitburg-pruem.de
https://www.enkreis.de
https://www.enzkreis.de
http://www.erzgebirgskreis.de
http://www.hochsauerlandkreis.de
https://www.hochtaunuskreis.de
http://www.hohenlohekreis.de
http://www.ilm-kreis.de
https://www.kreis-bergstrasse.de
http://www.kreis-borken.de
https://www.kreis-coesfeld.de
http://www.dithmarschen.de
https://www.kreis-dueren.de
http://www.kreis-euskirchen.de
https://www.kreisgg.de
https://www.kreis-guetersloh.de
http://www.kreis-heinsberg.de
http://www.kreis-herford.de
http://www.kreis-rz.de
http://www.kreis-hoexter.de
https://www.kreis-kleve.de
https://www.kreis-lippe.de
https://www.kreis-mettmann.de
http://www.minden-luebbecke.de
http://www.nordfriesland.de
http://www.kreis-olpe.de
http://www.kreis-oh.de
https://www.kreis-paderborn.de/kreis_paderborn
http://www.kreis-pinneberg.de
http://www.kreis-ploen.de
https://www.kreis-re.de
http://www.kreis-rendsburg-eckernfoerde.de
http://www.schleswig-flensburg.de
http://www.kreis-segeberg.de
http://www.siegen-wittgenstein.de
https://www.kreis-soest.de
https://www.steinburg.de
http://www.kreis-steinfurt.de
http://www.kreis-stormarn.de
http://www.kreis-unna.de
http://www.kreis-viersen.de
http://www.kreis-warendorf.de
http://www.kreis-wesel.de
http://www.kyffhaeuser.de
https://www.lahn-dill-kreis.de
https://www.kreis-ahrweiler.de
https://www.lra-aic-fdb.de
http://www.altenburgerland.de
https://www.kreis-altenkirchen.de
https://www.lra-aoe.de
http://www.kreis-alzey-worms.eu
https://www.kreis-as.de
http://www.ammerland.de
https://www.anhalt-bitterfeld.de
http://www.landkreis-ansbach.de
https://www.landkreis-aschaffenburg.de
https://www.landkreis-augsburg.de
https://www.landkreis-aurich.de
http://www.kreis-bad-duerkheim.de
https://www.landkreis-badkissingen.de
http://www.kreis-badkreuznach.de
https://www.lra-toelz.de
https://www.landkreis-bamberg.de
http://www.barnim.de
http://www.landkreis-bautzen.de
https://www.landkreis-bayreuth.de
https://www.lra-bgl.de
http://www.bernkastel-wittlich.de
https://www.biberach.de
http://www.landkreis-birkenfeld.de
https://www.breisgau-hochschwarzwald.de
https://www.lrabb.de
https://www.landkreis-boerde.de
https://www.kreis-calw.de
http://www.landkreis-celle.de
https://www.landkreis-cham.de
http://www.lkclp.de
https://www.landkreis-coburg.de
https://www.cochem-zell.de
http://www.landkreis-cuxhaven.de
https://www.landratsamt-dachau.de
https://www.dahme-spreewald.info/de/start
http://www.ladadi.de
https://www.landkreis-deggendorf.de
http://www.diepholz.de
https://www.landkreis-dillingen.de
https://www.landkreis-dingolfing-landau.de
https://www.donau-ries.de
https://lra-ebe.de
http://www.kreis-eic.de
https://www.landkreis-eichstaett.de
http://www.lkee.de
http://www.landkreis-emmendingen.de
https://www.emsland.de
https://www.landkreis-erding.de
https://www.erlangen-hoechstadt.de
https://www.landkreis-esslingen.de
http://www.landkreis-forchheim.de
https://www.kreis-freising.de
https://www.landkreis-freudenstadt.de
https://www.freyung-grafenau.de
http://www.friesland.de
https://www.landkreis-fulda.de/start.html
https://www.lra-ffb.de
http://www.landkreis-fuerth.de
https://www.lra-gap.de/index.php
http://www.kreis-germersheim.de
http://www.lkgi.de
http://www.gifhorn.de
https://www.landkreis-goslar.de
http://www.landkreis-gotha.de
http://www.grafschaft-bentheim.de
http://www.landkreis-greiz.de
https://www.landkreis-goeppingen.de
http://www.kreis-goerlitz.de
http://www.landkreisgoettingen.de
https://www.landkreis-guenzburg.de
http://www.hameln-pyrmont.de
http://www.landkreis-harburg.de
http://www.kreis-hz.de
https://www.havelland.de
http://www.landkreis-hassberge.de
https://www.heidekreis.de
http://www.landkreis-heidenheim.de
https://www.landkreis-heilbronn.de
http://www.helmstedt.de
https://www.hef-rof.de
http://www.landkreis-hildburghausen.de
http://www.landkreishildesheim.de
https://www.landkreis-hof.de
http://www.landkreis-holzminden.de
http://www.lkjl.de
http://www.kaiserslautern-kreis.de
https://www.landkreis-karlsruhe.de
http://www.landkreiskassel.de
https://www.landkreis-kelheim.de
http://www.landkreis-kitzingen.de
https://www.lrakn.de
https://www.landkreis-kronach.de
https://www.landkreis-kulmbach.de
http://www.landkreis-kusel.de
https://www.landkreis-landsberg.de
https://www.landkreis-landshut.de
http://www.landkreis-leer.de
http://www.landkreisleipzig.de
https://www.lkr-lif.de
https://www.landkreis-limburg-weilburg.de
https://www.landkreis-lindau.de
https://www.landkreis-ludwigsburg.de
http://www.kreis-lup.de
http://www.loerrach-landkreis.de
http://www.luechow-dannenberg.de
http://www.landkreis-lueneburg.de
https://www.main-spessart.de
http://www.mainz-bingen.de
http://www.mansfeldsuedharz.de
http://www.marburg-biedenkopf.de
https://www.kvmyk.de
http://www.lk-mecklenburgische-seenplatte.de
http://www.kreis-meissen.org
http://www.merzig-wadern.de
http://www.landkreis-miesbach.de
https://www.landkreis-miltenberg.de
http://www.landkreis-mittelsachsen.de
https://www.maerkisch-oderland.de
https://www.lra-mue.de
https://www.landkreis-muenchen.de
https://landkreis-nu.de
https://www.neuburg-schrobenhausen.de
https://www.landkreis-neumarkt.de
http://www.landkreis-neunkirchen.de
http://www.kreis-nea.de
https://www.neustadt.de
https://www.kreis-neuwied.de
https://www.lk-nienburg.de
https://www.landkreis-nordhausen.de
http://www.landkreis-nordsachsen.de
http://www.nordwestmecklenburg.de
http://www.landkreis-northeim.de
https://www.nuernberger-land.de
https://www.oberallgaeu.org
http://www.oberhavel.de
http://www.osl-online.de
http://www.landkreis-oder-spree.de
https://www.kreis-offenbach.de
http://www.landkreis-oldenburg.de
https://www.landkreis-osnabrueck.de
https://www.landkreis-ostallgaeu.de
http://www.landkreis-osterholz.de
https://www.ostprignitz-ruppin.de
https://www.landkreis-passau.de
http://www.landkreis-peine.de
https://www.landkreis-pfaffenhofen.de
http://www.potsdam-mittelmark.de
https://www.landkreis-prignitz.de
http://www.landkreis-rastatt.de
http://www.rv.de
https://www.landkreis-regen.de
https://www.landkreis-regensburg.de
http://www.kreis-reutlingen.de
https://www.rhoen-grabfeld.de
https://www.landkreis-rosenheim.de
http://www.landkreis-rostock.de
http://www.lk-row.de
https://www.landratsamt-roth.de
https://www.rottal-inn.de
https://www.landkreis-rottweil.de
http://www.kreis-slf.de
http://www.kreis-saarlouis.de
http://www.schaumburg.de
https://www.lra-sm.de
https://www.landkreis-schwandorf.de
https://www.landkreis-schweinfurt.de
https://www.lrasha.de
http://www.landkreis-sigmaringen.de
http://www.landkreis-sonneberg.de
https://www.lkspn.de
http://www.landkreis-st-wendel.de
https://www.landkreis-stade.de
https://www.lk-starnberg.de
https://www.landkreis-stendal.de
https://www.landkreis-straubing-bogen.de
http://www.landratsamt-pirna.de
http://www.landkreis-soemmerda.de
http://www.suedliche-weinstrasse.de
http://www.lksuedwestpfalz.de
http://www.teltow-flaeming.de
https://www.kreis-tir.de
https://www.traunstein.com
http://www.trier-saarburg.de
https://www.landkreis-tuttlingen.de
http://www.kreis-tuebingen.de
http://landkreis.uckermark.de
https://www.landkreis-uelzen.de
https://www.unterallgaeu.de
http://www.landkreis-vechta.de
http://www.landkreis-verden.de
http://www.kreis-vg.de
http://www.lk-vr.de
https://www.vulkaneifel.de
http://www.landkreis-waldeck-frankenberg.de
https://www.landkreis-waldshut.de
https://www.weilheim-schongau.de
http://www.weimarerland.de
http://www.landkreis-wug.de
http://www.landkreis-wesermarsch.de
http://www.landkreis-wittenberg.de
http://www.landkreis-wittmund.de
https://www.lkwf.de
https://www.landkreis-wunsiedel.de
https://www.mkk.de
https://www.main-tauber-kreis.de
https://www.mtk.org
http://www.maerkischer-kreis.de
http://www.neckar-odenwald-kreis.de
http://www.oberbergischer-kreis.de
http://www.odenwaldkreis.de
https://www.ortenaukreis.de
https://www.ostalbkreis.de
http://www.hannover.de
http://www.regionalverband-saarbruecken.de
https://www.rems-murr-kreis.de
https://www.rhein-erft-kreis.de
https://www.kreis-sim.de
http://www.rhein-kreis-neuss.de
https://www.rhein-lahn-kreis.de
https://www.rhein-neckar-kreis.de
http://www.rhein-pfalz-kreis.de
https://www.rhein-sieg-kreis.de
https://www.rheingau-taunus.de
http://www.rbk-direkt.de
http://www.saaleholzlandkreis.de
http://www.saale-orla-kreis.de
http://www.saalekreis.de
http://www.saarpfalz-kreis.de
https://www.salzlandkreis.de
http://www.schwalm-eder-kreis.de
https://www.lrasbk.de
http://www.staedteregion-aachen.de
http://www.landkreis-unstrut-hainich.de
http://www.vogelsbergkreis.de
http://www.vogtlandkreis.de
http://www.wartburgkreis.de
http://www.werra-meissner-kreis.de
https://www.westerwaldkreis.de
http://www.wetteraukreis.de
https://www.landkreis-wuerzburg.de
http://www.landkreis-zwickau.de
http://www.zollernalbkreis.de