|Alb-Donau-Kreis|https://www.alb-donau-kreis.de/|
|Altmarkkreis_Salzwedel|http://www.altmarkkreis-salzwedel.de/|
|Bodenseekreis|http://www.bodenseekreis.de/|
|Burgenlandkreis|https://www.burgenlandkreis.de/|
|Donnersbergkreis|http://www.donnersberg.de/|
|Eifelkreis_Bitburg-Prüm|https://www.bitburg-pruem.de/|
|Ennepe-Ruhr-Kreis|https://www.enkreis.de/|
|Enzkreis|http://www.enzkreis.de/|
|Erzgebirgskreis|http://www.erzgebirgskreis.de/|
|Hochsauerlandkreis|http://www.hochsauerlandkreis.de/|
|Hochtaunuskreis|https://www.hochtaunuskreis.de/|
|Hohenlohekreis|http://www.hohenlohekreis.de/|
|Ilm-Kreis|http://www.ilm-kreis.de/|
|Kreis_Bergstraße|https://www.kreis-bergstrasse.de/|
|Kreis_Borken|http://www.kreis-borken.de/|
|Kreis_Coesfeld|https://www.kreis-coesfeld.de/|
|Kreis_Dithmarschen|http://www.dithmarschen.de/|
|Kreis_Düren|https://www.kreis-dueren.de/|
|Kreis_Euskirchen|http://www.kreis-euskirchen.de/|
|Kreis_Groß-Gerau|https://www.kreisgg.de/|
|Kreis_Gütersloh|https://www.kreis-guetersloh.de/|
|Kreis_Heinsberg|http://www.kreis-heinsberg.de/|
|Kreis_Herford|http://www.kreis-herford.de/|
|Kreis_Herzogtum_Lauenburg|http://www.kreis-rz.de/|
|Kreis_Höxter|http://www.kreis-hoexter.de/|
|Kreis_Kleve|https://www.kreis-kleve.de/|
|Kreis_Lippe|https://www.kreis-lippe.de/|
|Kreis_Mettmann|https://www.kreis-mettmann.de/|
|Kreis_Minden-Lübbecke|http://www.minden-luebbecke.de/|
|Kreis_Nordfriesland|http://www.nordfriesland.de/|
|Kreis_Olpe|http://www.kreis-olpe.de/|
|Kreis_Ostholstein|http://www.kreis-oh.de/|
|Kreis_Paderborn|https://www.kreis-paderborn.de/kreis_paderborn/|
|Kreis_Pinneberg|http://www.kreis-pinneberg.de/|
|Kreis_Plön|http://www.kreis-ploen.de/|
|Kreis_Recklinghausen|https://www.kreis-re.de/|
|Kreis_Rendsburg-Eckernförde|http://www.kreis-rendsburg-eckernfoerde.de/|
|Kreis_Schleswig-Flensburg|http://www.schleswig-flensburg.de/|
|Kreis_Segeberg|http://www.kreis-segeberg.de/|
|Kreis_Siegen-Wittgenstein|http://www.siegen-wittgenstein.de/|
|Kreis_Soest|https://www.kreis-soest.de/|
|Kreis_Steinburg|https://www.steinburg.de/|
|Kreis_Steinfurt|http://www.kreis-steinfurt.de/|
|Kreis_Stormarn|http://www.kreis-stormarn.de/|
|Kreis_Unna|http://www.kreis-unna.de/|
|Kreis_Viersen|http://www.kreis-viersen.de/|
|Kreis_Warendorf|http://www.kreis-warendorf.de/|
|Kreis_Wesel|http://www.kreis-wesel.de/|
|Kyffhäuserkreis|http://www.kyffhaeuser.de/|
|Lahn-Dill-Kreis|https://www.lahn-dill-kreis.de/|
|Landkreis_Ahrweiler|https://www.kreis-ahrweiler.de/|
|Landkreis_Aichach-Friedberg|https://www.lra-aic-fdb.de/|
|Landkreis_Altenburger_Land|http://www.altenburgerland.de/|
|Landkreis_Altenkirchen_(Westerwald)|https://www.kreis-altenkirchen.de/|
|Landkreis_Altötting|https://www.lra-aoe.de/|
|Landkreis_Alzey-Worms|http://www.kreis-alzey-worms.eu/|
|Landkreis_Amberg-Sulzbach|https://www.kreis-as.de/|
|Landkreis_Ammerland|http://www.ammerland.de/|
|Landkreis_Anhalt-Bitterfeld|https://www.anhalt-bitterfeld.de/|
|Landkreis_Ansbach|http://www.landkreis-ansbach.de/|
|Landkreis_Aschaffenburg|https://www.landkreis-aschaffenburg.de/|
|Landkreis_Augsburg|https://www.landkreis-augsburg.de/|
|Landkreis_Aurich|https://www.landkreis-aurich.de/|
|Landkreis_Bad_Dürkheim|http://www.kreis-bad-duerkheim.de/|
|Landkreis_Bad_Kissingen|https://www.landkreis-badkissingen.de|
|Landkreis_Bad_Kreuznach|http://www.kreis-badkreuznach.de/|
|Landkreis_Bad_Tölz-Wolfratshausen|https://www.lra-toelz.de/|
|Landkreis_Bamberg|https://www.landkreis-bamberg.de/|
|Landkreis_Barnim|http://www.barnim.de/|
|Landkreis_Bautzen|http://www.landkreis-bautzen.de/|
|Landkreis_Bayreuth|https://www.landkreis-bayreuth.de/|
|Landkreis_Berchtesgadener_Land|https://www.lra-bgl.de/|
|Landkreis_Bernkastel-Wittlich|http://www.bernkastel-wittlich.de/|
|Landkreis_Biberach|https://www.biberach.de/|
|Landkreis_Birkenfeld|http://www.landkreis-birkenfeld.de/|
|Landkreis_Breisgau-Hochschwarzwald|https://www.breisgau-hochschwarzwald.de/|
|Landkreis_Böblingen|https://www.lrabb.de/|
|Landkreis_Börde|https://www.landkreis-boerde.de/|
|Landkreis_Calw|https://www.kreis-calw.de/|
|Landkreis_Celle|http://www.landkreis-celle.de/|
|Landkreis_Cham|https://www.landkreis-cham.de/|
|Landkreis_Cloppenburg|http://www.lkclp.de/|
|Landkreis_Coburg|https://www.landkreis-coburg.de/|
|Landkreis_Cochem-Zell|https://www.cochem-zell.de/|
|Landkreis_Cuxhaven|http://www.landkreis-cuxhaven.de/|
|Landkreis_Dachau|https://www.landratsamt-dachau.de/|
|Landkreis_Dahme-Spreewald|https://www.dahme-spreewald.info/de/start|
|Landkreis_Darmstadt-Dieburg|http://www.ladadi.de/|
|Landkreis_Deggendorf|https://www.landkreis-deggendorf.de/|
|Landkreis_Diepholz|http://www.diepholz.de/|
|Landkreis_Dillingen_an_der_Donau|https://www.landkreis-dillingen.de/|
|Landkreis_Dingolfing-Landau|https://www.landkreis-dingolfing-landau.de/|
|Landkreis_Donau-Ries|https://www.donau-ries.de/|
|Landkreis_Ebersberg|https://lra-ebe.de/|
|Landkreis_Eichsfeld|http://www.kreis-eic.de/|
|Landkreis_Eichstätt|https://www.landkreis-eichstaett.de/|
|Landkreis_Elbe-Elster|http://www.lkee.de/|
|Landkreis_Emmendingen|http://www.landkreis-emmendingen.de/|
|Landkreis_Emsland|https://www.emsland.de/|
|Landkreis_Erding|https://www.landkreis-erding.de/|
|Landkreis_Erlangen-Höchstadt|https://www.erlangen-hoechstadt.de/|
|Landkreis_Esslingen|https://www.landkreis-esslingen.de/|
|Landkreis_Forchheim|http://www.landkreis-forchheim.de/|
|Landkreis_Freising|https://www.kreis-freising.de/|
|Landkreis_Freudenstadt|https://www.landkreis-freudenstadt.de/|
|Landkreis_Freyung-Grafenau|https://www.freyung-grafenau.de/|
|Landkreis_Friesland|http://www.friesland.de/|
|Landkreis_Fulda|https://www.landkreis-fulda.de/start.html|
|Landkreis_Fürstenfeldbruck|https://www.lra-ffb.de/|
|Landkreis_Fürth|http://www.landkreis-fuerth.de/|
|Landkreis_Garmisch-Partenkirchen|https://www.lra-gap.de/index.php|
|Landkreis_Germersheim|http://www.kreis-germersheim.de/|
|Landkreis_Gießen|http://www.lkgi.de/|
|Landkreis_Gifhorn|http://www.gifhorn.de/|
|Landkreis_Goslar|http://www.landkreis-goslar.de/|
|Landkreis_Gotha|http://www.landkreis-gotha.de/|
|Landkreis_Grafschaft_Bentheim|http://www.grafschaft-bentheim.de/|
|Landkreis_Greiz|http://www.landkreis-greiz.de/|
|Landkreis_Göppingen|https://www.landkreis-goeppingen.de/|
|Landkreis_Görlitz|http://www.kreis-goerlitz.de/|
|Landkreis_Göttingen|http://www.landkreisgoettingen.de/|
|Landkreis_Günzburg|https://www.landkreis-guenzburg.de/|
|Landkreis_Hameln-Pyrmont|http://www.hameln-pyrmont.de/|
|Landkreis_Harburg|http://www.landkreis-harburg.de/|
|Landkreis_Harz|http://www.kreis-hz.de/|
|Landkreis_Havelland|https://www.havelland.de/|
|Landkreis_Haßberge|http://www.landkreis-hassberge.de/|
|Landkreis_Heidekreis|https://www.heidekreis.de|
|Landkreis_Heidenheim|http://www.landkreis-heidenheim.de/|
|Landkreis_Heilbronn|https://www.landkreis-heilbronn.de/|
|Landkreis_Helmstedt|http://www.helmstedt.de/|
|Landkreis_Hersfeld-Rotenburg|https://www.hef-rof.de/|
|Landkreis_Hildburghausen|http://www.landkreis-hildburghausen.de/|
|Landkreis_Hildesheim|http://www.landkreishildesheim.de/|
|Landkreis_Hof|https://www.landkreis-hof.de/|
|Landkreis_Holzminden|http://www.landkreis-holzminden.de/|
|Landkreis_Jerichower_Land|http://www.lkjl.de/|
|Landkreis_Kaiserslautern|http://www.kaiserslautern-kreis.de/|
|Landkreis_Karlsruhe|http://www.landkreis-karlsruhe.de/|
|Landkreis_Kassel|http://www.landkreiskassel.de/|
|Landkreis_Kelheim|https://www.landkreis-kelheim.de/|
|Landkreis_Kitzingen|http://www.landkreis-kitzingen.de/|
|Landkreis_Konstanz|https://www.lrakn.de/|
|Landkreis_Kronach|https://www.landkreis-kronach.de/|
|Landkreis_Kulmbach|https://www.landkreis-kulmbach.de/|
|Landkreis_Kusel|http://www.landkreis-kusel.de/|
|Landkreis_Landsberg_am_Lech|https://www.landkreis-landsberg.de/|
|Landkreis_Landshut|https://www.landkreis-landshut.de/|
|Landkreis_Leer|http://www.landkreis-leer.de/|
|Landkreis_Leipzig|http://www.landkreisleipzig.de/|
|Landkreis_Lichtenfels|https://www.lkr-lif.de/|
|Landkreis_Limburg-Weilburg|https://www.landkreis-limburg-weilburg.de/|
|Landkreis_Lindau_(Bodensee)|https://www.landkreis-lindau.de/|
|Landkreis_Ludwigsburg|https://www.landkreis-ludwigsburg.de/|
|Landkreis_Ludwigslust-Parchim|http://www.kreis-lup.de/|
|Landkreis_Lörrach|http://www.loerrach-landkreis.de/|
|Landkreis_Lüchow-Dannenberg|http://www.luechow-dannenberg.de/|
|Landkreis_Lüneburg|http://www.landkreis-lueneburg.de/|
|Landkreis_Main-Spessart|https://www.main-spessart.de/|
|Landkreis_Mainz-Bingen|http://www.mainz-bingen.de/|
|Landkreis_Mansfeld-Südharz|http://www.mansfeldsuedharz.de/|
|Landkreis_Marburg-Biedenkopf|http://www.marburg-biedenkopf.de/|
|Landkreis_Mayen-Koblenz|https://www.kvmyk.de/|
|Landkreis_Mecklenburgische_Seenplatte|http://www.lk-mecklenburgische-seenplatte.de/|
|Landkreis_Meißen|http://www.kreis-meissen.org/|
|Landkreis_Merzig-Wadern|http://www.merzig-wadern.de/|
|Landkreis_Miesbach|http://www.landkreis-miesbach.de/|
|Landkreis_Miltenberg|https://www.landkreis-miltenberg.de/|
|Landkreis_Mittelsachsen|http://www.landkreis-mittelsachsen.de/|
|Landkreis_Märkisch-Oderland|https://www.maerkisch-oderland.de/|
|Landkreis_Mühldorf_am_Inn|https://www.lra-mue.de/|
|Landkreis_München|https://www.landkreis-muenchen.de/|
|Landkreis_Neu-Ulm|https://landkreis-nu.de/|
|Landkreis_Neuburg-Schrobenhausen|https://www.neuburg-schrobenhausen.de/|
|Landkreis_Neumarkt_in_der_Oberpfalz|https://www.landkreis-neumarkt.de/|
|Landkreis_Neunkirchen|http://www.landkreis-neunkirchen.de/|
|Landkreis_Neustadt_an_der_Aisch-Bad_Windsheim|http://www.kreis-nea.de/|
|Landkreis_Neustadt_an_der_Waldnaab|https://www.neustadt.de/|
|Landkreis_Neuwied|https://www.kreis-neuwied.de/|
|Landkreis_Nienburg/Weser|https://www.lk-nienburg.de/|
|Landkreis_Nordhausen|https://www.landkreis-nordhausen.de/|
|Landkreis_Nordsachsen|http://www.landkreis-nordsachsen.de/|
|Landkreis_Nordwestmecklenburg|http://www.nordwestmecklenburg.de/|
|Landkreis_Northeim|http://www.landkreis-northeim.de/|
|Landkreis_Nürnberger_Land|https://www.nuernberger-land.de/|
|Landkreis_Oberallgäu|https://www.oberallgaeu.org/|
|Landkreis_Oberhavel|http://www.oberhavel.de/|
|Landkreis_Oberspreewald-Lausitz|http://www.osl-online.de/|
|Landkreis_Oder-Spree|http://www.landkreis-oder-spree.de/|
|Landkreis_Offenbach|https://www.kreis-offenbach.de/|
|Landkreis_Oldenburg|http://www.landkreis-oldenburg.de/|
|Landkreis_Osnabrück|https://www.landkreis-osnabrueck.de/|
|Landkreis_Ostallgäu|https://www.landkreis-ostallgaeu.de/|
|Landkreis_Osterholz|http://www.landkreis-osterholz.de/|
|Landkreis_Ostprignitz-Ruppin|https://www.ostprignitz-ruppin.de/|
|Landkreis_Passau|https://www.landkreis-passau.de/|
|Landkreis_Peine|http://www.landkreis-peine.de/|
|Landkreis_Pfaffenhofen_an_der_Ilm|https://www.landkreis-pfaffenhofen.de/|
|Landkreis_Potsdam-Mittelmark|http://www.potsdam-mittelmark.de/|
|Landkreis_Prignitz|https://www.landkreis-prignitz.de/|
|Landkreis_Rastatt|http://www.landkreis-rastatt.de/|
|Landkreis_Ravensburg|http://www.rv.de|
|Landkreis_Regen|https://www.landkreis-regen.de/|
|Landkreis_Regensburg|https://www.landkreis-regensburg.de/|
|Landkreis_Reutlingen|http://www.kreis-reutlingen.de/|
|Landkreis_Rhön-Grabfeld|https://www.rhoen-grabfeld.de/|
|Landkreis_Rosenheim|https://www.landkreis-rosenheim.de/|
|Landkreis_Rostock|http://www.landkreis-rostock.de/|
|Landkreis_Rotenburg_(Wümme)|http://www.lk-row.de/|
|Landkreis_Roth|https://www.landratsamt-roth.de/|
|Landkreis_Rottal-Inn|https://www.rottal-inn.de/|
|Landkreis_Rottweil|https://www.landkreis-rottweil.de/|
|Landkreis_Saalfeld-Rudolstadt|http://www.kreis-slf.de/|
|Landkreis_Saarlouis|http://www.kreis-saarlouis.de/|
|Landkreis_Schaumburg|http://www.schaumburg.de/|
|Landkreis_Schmalkalden-Meiningen|https://www.lra-sm.de|
|Landkreis_Schwandorf|https://www.landkreis-schwandorf.de/|
|Landkreis_Schweinfurt|https://www.landkreis-schweinfurt.de/|
|Landkreis_Schwäbisch_Hall|https://www.lrasha.de/|
|Landkreis_Sigmaringen|http://www.landkreis-sigmaringen.de/|
|Landkreis_Sonneberg|http://www.landkreis-sonneberg.de/|
|Landkreis_Spree-Neiße|https://www.lkspn.de/|
|Landkreis_St._Wendel|http://www.landkreis-st-wendel.de/|
|Landkreis_Stade|https://www.landkreis-stade.de/|
|Landkreis_Starnberg|https://www.lk-starnberg.de/|
|Landkreis_Stendal|https://www.landkreis-stendal.de/|
|Landkreis_Straubing-Bogen|https://www.landkreis-straubing-bogen.de/|
|Landkreis_Sächsische_Schweiz-Osterzgebirge|http://www.landratsamt-pirna.de/|
|Landkreis_Sömmerda|http://www.landkreis-soemmerda.de/|
|Landkreis_Südliche_Weinstraße|http://www.suedliche-weinstrasse.de/|
|Landkreis_Südwestpfalz|http://www.lksuedwestpfalz.de/|
|Landkreis_Teltow-Fläming|http://www.teltow-flaeming.de/|
|Landkreis_Tirschenreuth|https://www.kreis-tir.de/|
|Landkreis_Traunstein|https://www.traunstein.com/|
|Landkreis_Trier-Saarburg|http://www.trier-saarburg.de/|
|Landkreis_Tuttlingen|https://www.landkreis-tuttlingen.de/|
|Landkreis_Tübingen|http://www.kreis-tuebingen.de/|
|Landkreis_Uckermark|http://landkreis.uckermark.de/|
|Landkreis_Uelzen|https://www.landkreis-uelzen.de/|
|Landkreis_Unterallgäu|https://www.unterallgaeu.de/|
|Landkreis_Vechta|http://www.landkreis-vechta.de/|
|Landkreis_Verden|http://www.landkreis-verden.de/|
|Landkreis_Vorpommern-Greifswald|http://www.kreis-vg.de/|
|Landkreis_Vorpommern-Rügen|http://www.lk-vr.de/|
|Landkreis_Vulkaneifel|https://www.vulkaneifel.de/|
|Landkreis_Waldeck-Frankenberg|http://www.landkreis-waldeck-frankenberg.de/|
|Landkreis_Waldshut|https://www.landkreis-waldshut.de/|
|Landkreis_Weilheim-Schongau|https://www.weilheim-schongau.de/|
|Landkreis_Weimarer_Land|http://www.weimarerland.de/|
|Landkreis_Weißenburg-Gunzenhausen|http://www.landkreis-wug.de/|
|Landkreis_Wesermarsch|http://www.landkreis-wesermarsch.de/|
|Landkreis_Wittenberg|http://www.landkreis-wittenberg.de/|
|Landkreis_Wittmund|http://www.landkreis-wittmund.de/|
|Landkreis_Wolfenbüttel|https://www.lkwf.de/|
|Landkreis_Wunsiedel_im_Fichtelgebirge|https://www.landkreis-wunsiedel.de/|
|Main-Kinzig-Kreis|https://www.mkk.de/|
|Main-Tauber-Kreis|https://www.main-tauber-kreis.de/|
|Main-Taunus-Kreis|https://www.mtk.org/|
|Märkischer_Kreis|http://www.maerkischer-kreis.de/|
|Neckar-Odenwald-Kreis|http://www.neckar-odenwald-kreis.de/|
|Oberbergischer_Kreis|http://www.oberbergischer-kreis.de/|
|Odenwaldkreis|http://www.odenwaldkreis.de/|
|Ortenaukreis|https://www.ortenaukreis.de/|
|Ostalbkreis|https://www.ostalbkreis.de/|
|Region_Hannover|http://www.hannover.de/|
|Regionalverband_Saarbrücken|http://www.regionalverband-saarbruecken.de/|
|Rems-Murr-Kreis|https://www.rems-murr-kreis.de/|
|Rhein-Erft-Kreis|https://www.rhein-erft-kreis.de/|
|Rhein-Hunsrück-Kreis|https://www.kreis-sim.de/|
|Rhein-Kreis_Neuss|http://www.rhein-kreis-neuss.de/|
|Rhein-Lahn-Kreis|https://www.rhein-lahn-kreis.de/|
|Rhein-Neckar-Kreis|https://www.rhein-neckar-kreis.de/|
|Rhein-Pfalz-Kreis|http://www.rhein-pfalz-kreis.de/|
|Rhein-Sieg-Kreis|https://www.rhein-sieg-kreis.de/|
|Rheingau-Taunus-Kreis|https://www.rheingau-taunus.de/|
|Rheinisch-Bergischer_Kreis|http://www.rbk-direkt.de/|
|Saale-Holzland-Kreis|http://www.saaleholzlandkreis.de/|
|Saale-Orla-Kreis|http://www.saale-orla-kreis.de/|
|Saalekreis|http://www.saalekreis.de/|
|Saarpfalz-Kreis|http://www.saarpfalz-kreis.de/|
|Salzlandkreis|https://www.salzlandkreis.de/|
|Schwalm-Eder-Kreis|http://www.schwalm-eder-kreis.de/|
|Schwarzwald-Baar-Kreis|https://www.lrasbk.de/|
|Städteregion_Aachen|http://www.staedteregion-aachen.de/|
|Unstrut-Hainich-Kreis|http://www.landkreis-unstrut-hainich.de/|
|Vogelsbergkreis|http://www.vogelsbergkreis.de/|
|Vogtlandkreis|http://www.vogtlandkreis.de/|
|Wartburgkreis|http://www.wartburgkreis.de/|
|Werra-Meißner-Kreis|http://www.werra-meissner-kreis.de/|
|Westerwaldkreis|https://www.westerwaldkreis.de/|
|Wetteraukreis|http://www.wetteraukreis.de/|
|Landkreis_Würzburg|https://www.landkreis-wuerzburg.de/|
|Landkreis_Zwickau|http://www.landkreis-zwickau.de/|
|Zollernalbkreis|http://www.zollernalbkreis.de/|
